CRITICAL - 2022-01-29 03:04:33 --> The framework needs the following extension(s) installed and loaded: intl.
#0 C:\xampp\htdocs\produlacWeb\system\CodeIgniter.php(219): CodeIgniter\Exceptions\FrameworkException::forMissingExtension('intl')
#1 C:\xampp\htdocs\produlacWeb\system\CodeIgniter.php(177): CodeIgniter\CodeIgniter->resolvePlatformExtensions()
#2 C:\xampp\htdocs\produlacWeb\system\bootstrap.php(146): CodeIgniter\CodeIgniter->initialize()
#3 C:\xampp\htdocs\produlacWeb\public\index.php(28): require('C:\\xampp\\htdocs...')
#4 {main}
CRITICAL - 2022-01-29 03:06:12 --> The framework needs the following extension(s) installed and loaded: intl.
#0 C:\xampp\htdocs\produlacWeb\system\CodeIgniter.php(219): CodeIgniter\Exceptions\FrameworkException::forMissingExtension('intl')
#1 C:\xampp\htdocs\produlacWeb\system\CodeIgniter.php(177): CodeIgniter\CodeIgniter->resolvePlatformExtensions()
#2 C:\xampp\htdocs\produlacWeb\system\bootstrap.php(146): CodeIgniter\CodeIgniter->initialize()
#3 C:\xampp\htdocs\produlacWeb\public\index.php(28): require('C:\\xampp\\htdocs...')
#4 {main}
CRITICAL - 2022-01-29 03:06:53 --> The framework needs the following extension(s) installed and loaded: intl.
#0 C:\xampp\htdocs\produlacWeb\system\CodeIgniter.php(219): CodeIgniter\Exceptions\FrameworkException::forMissingExtension('intl')
#1 C:\xampp\htdocs\produlacWeb\system\CodeIgniter.php(177): CodeIgniter\CodeIgniter->resolvePlatformExtensions()
#2 C:\xampp\htdocs\produlacWeb\system\bootstrap.php(146): CodeIgniter\CodeIgniter->initialize()
#3 C:\xampp\htdocs\produlacWeb\public\index.php(28): require('C:\\xampp\\htdocs...')
#4 {main}
CRITICAL - 2022-01-29 12:10:31 --> Allowed memory size of 536870912 bytes exhausted (tried to allocate 536870920 bytes)
#0 [internal function]: CodeIgniter\Debug\Exceptions->shutdownHandler()
#1 {main}
CRITICAL - 2022-01-29 12:45:16 --> session_regenerate_id(): Cannot regenerate session id - session is not active
#0 [internal function]: CodeIgniter\Debug\Exceptions->errorHandler(2, 'session_regener...', 'C:\\xampp\\htdocs...', 277, Array)
#1 C:\xampp\htdocs\produlacWeb\system\Session\Session.php(277): session_regenerate_id(true)
#2 C:\xampp\htdocs\produlacWeb\app\Controllers\DashboardController.php(86): CodeIgniter\Session\Session->stop()
#3 C:\xampp\htdocs\produlacWeb\system\CodeIgniter.php(825): App\Controllers\DashboardController->cerrar_sesion()
#4 C:\xampp\htdocs\produlacWeb\system\CodeIgniter.php(412): CodeIgniter\CodeIgniter->runController(Object(App\Controllers\DashboardController))
#5 C:\xampp\htdocs\produlacWeb\system\CodeIgniter.php(320): CodeIgniter\CodeIgniter->handleRequest(NULL, Object(Config\Cache), false)
#6 C:\xampp\htdocs\produlacWeb\public\index.php(37): CodeIgniter\CodeIgniter->run()
#7 {main}
CRITICAL - 2022-01-29 12:45:39 --> session_regenerate_id(): Cannot regenerate session id - session is not active
#0 [internal function]: CodeIgniter\Debug\Exceptions->errorHandler(2, 'session_regener...', 'C:\\xampp\\htdocs...', 277, Array)
#1 C:\xampp\htdocs\produlacWeb\system\Session\Session.php(277): session_regenerate_id(true)
#2 C:\xampp\htdocs\produlacWeb\app\Controllers\DashboardController.php(86): CodeIgniter\Session\Session->stop()
#3 C:\xampp\htdocs\produlacWeb\system\CodeIgniter.php(825): App\Controllers\DashboardController->cerrar_sesion()
#4 C:\xampp\htdocs\produlacWeb\system\CodeIgniter.php(412): CodeIgniter\CodeIgniter->runController(Object(App\Controllers\DashboardController))
#5 C:\xampp\htdocs\produlacWeb\system\CodeIgniter.php(320): CodeIgniter\CodeIgniter->handleRequest(NULL, Object(Config\Cache), false)
#6 C:\xampp\htdocs\produlacWeb\public\index.php(37): CodeIgniter\CodeIgniter->run()
#7 {main}
CRITICAL - 2022-01-29 13:09:46 --> Cannot call constructor
#0 C:\xampp\htdocs\produlacWeb\system\CodeIgniter.php(802): App\Controllers\ProduccionGController->__construct()
#1 C:\xampp\htdocs\produlacWeb\system\CodeIgniter.php(403): CodeIgniter\CodeIgniter->createController()
#2 C:\xampp\htdocs\produlacWeb\system\CodeIgniter.php(320): CodeIgniter\CodeIgniter->handleRequest(NULL, Object(Config\Cache), false)
#3 C:\xampp\htdocs\produlacWeb\index.php(37): CodeIgniter\CodeIgniter->run()
#4 {main}
